
=== Sun Apr 28 16:34:53 2019

Packages were changed.
Update Mode: mergeDefaultDependencies

The following packages were updated:
  com.unity.analytics from version 3.2.2 to 3.3.2
  com.unity.collab-proxy from version 1.2.9 to 1.2.16
  com.unity.package-manager-ui from version 2.1.1 to 2.1.2
  com.unity.purchasing from version 2.0.1 to 2.0.6
  com.unity.textmeshpro from version 1.3.0 to 2.0.0
  com.unity.timeline from version 0.0.0-builtin to 1.0.0

=== Sun Apr 28 17:22:25 2019

Packages were changed.
Update Mode: resetToDefaultDependencies

The following packages were removed:
  com.unity.mathematics@1.0.1
  com.unity.postprocessing@2.1.6
  com.unity.render-pipelines.core@5.7.2
  com.unity.render-pipelines.high-definition@5.13.0-preview
  com.unity.render-pipelines.lightweight@5.7.2
  com.unity.shadergraph@5.7.2
  com.unity.vectorgraphics@1.0.0-preview.24
  com.unity.visualeffectgraph@5.13.0-preview

=== Sun Apr 28 17:27:12 2019

Packages were changed.
Update Mode: resetToDefaultDependencies

The following packages were added:
  com.unity.analytics@3.3.2
  com.unity.purchasing@2.0.6
  com.unity.ads@2.0.8
  com.unity.textmeshpro@2.0.0
  com.unity.package-manager-ui@2.1.2
  com.unity.collab-proxy@1.2.16
  com.unity.timeline@1.0.0
The following packages were removed:
  com.unity.render-pipelines.core@file:../../../com.unity.render-pipelines.core
  com.unity.render-pipelines.high-definition@file:../../../com.unity.render-pipelines.high-definition
  com.unity.shadergraph@file:../../../com.unity.shadergraph
  com.unity.test-framework@1.0.11
  com.unity.testframework.graphics@file:../../../com.unity.testframework.graphics
